IQ-TREE multicore version 2.3.6 for MacOS ARM 64-bit built Aug  1 2024
Developed by Bui Quang Minh, Nguyen Lam Tung, Olga Chernomor, Heiko Schmidt,
Dominik Schrempf, Michael Woodhams, Ly Trong Nhan, Thomas Wong

Host:    Stellas-MacBook-Pro-2.local (SSE4.2, 8 GB RAM)
Command: iqtree2 -s sequence-3-2018.fasta
Seed:    607461 (Using SPRNG - Scalable Parallel Random Number Generator)
Time:    Fri Dec 20 20:27:08 2024
Kernel:  SSE2 - 1 threads (8 CPU cores detected)

HINT: Use -nt option to specify number of threads because your CPU has 8 cores!
HINT: -nt AUTO will automatically determine the best number of threads to use.

Reading alignment file sequence-3-2018.fasta ... Fasta format detected
Reading fasta file: done in 0.000771046 secs using 39.3% CPU
Alignment most likely contains DNA/RNA sequences
Alignment has 24 sequences with 1479 columns, 25 distinct patterns
7 parsimony-informative, 14 singleton sites, 1458 constant sites
            Gap/Ambiguity  Composition  p-value
Analyzing sequences: done in 8.10623e-06 secs using 61.68% CPU
   1  OM920035.1    0.00%    passed    100.00%
   2  OM920036.1    0.00%    passed     99.99%
   3  OM920045.1    0.00%    passed     99.95%
   4  OM920046.1    0.00%    passed    100.00%
   5  OM920047.1    0.00%    passed    100.00%
   6  OM920048.1    0.00%    passed     99.99%
   7  OM920049.1    0.00%    passed     99.95%
   8  OM920050.1    0.00%    passed     99.99%
   9  OM920051.1    0.00%    passed     99.73%
  10  OM920052.1    0.00%    passed     99.96%
  11  OM920053.1    0.00%    passed     99.99%
  12  OM920054.1    0.00%    passed     99.99%
  13  OM920055.1    0.07%    passed     99.62%
  14  OM920056.1    0.00%    passed    100.00%
  15  OM920057.1    0.00%    passed    100.00%
  16  OM920058.1    0.00%    passed    100.00%
  17  OM920059.1    0.00%    passed    100.00%
  18  OM920060.1    0.00%    passed    100.00%
  19  OM920061.1    0.00%    passed     99.99%
  20  OM920062.1    0.00%    passed     99.99%
  21  OM920063.1    0.00%    passed    100.00%
  22  OM920064.1    0.00%    passed     99.96%
  23  OM920065.1    0.07%    passed     99.97%
  24  OM920066.1    0.00%    passed    100.00%
****  TOTAL         0.01%  0 sequences failed composition chi2 test (p-value<5%; df=3)
NOTE: OM920061.1 is identical to OM920036.1 but kept for subsequent analysis
NOTE: OM920047.1 is identical to OM920046.1 but kept for subsequent analysis
NOTE: OM920060.1 is identical to OM920057.1 but kept for subsequent analysis
NOTE: 5 identical sequences (see below) will be ignored for subsequent analysis
NOTE: OM920056.1 (identical to OM920046.1) is ignored but added at the end
NOTE: OM920058.1 (identical to OM920046.1) is ignored but added at the end
NOTE: OM920059.1 (identical to OM920046.1) is ignored but added at the end
NOTE: OM920066.1 (identical to OM920046.1) is ignored but added at the end
NOTE: OM920063.1 (identical to OM920057.1) is ignored but added at the end
Alignment was printed to sequence-3-2018.fasta.uniqueseq.phy

For your convenience alignment with unique sequences printed to sequence-3-2018.fasta.uniqueseq.phy


Create initial parsimony tree by phylogenetic likelihood library (PLL)... 0.000 seconds
Perform fast likelihood tree search using GTR+I+G model...
Estimate model parameters (epsilon = 5.000)

WARNING: Estimated model parameters are at boundary that can cause numerical instability!

Perform nearest neighbor interchange...
Estimate model parameters (epsilon = 1.000)
1. Initial log-likelihood: -2197.438
Optimal log-likelihood: -2197.416
Rate parameters:  A-C: 0.00010  A-G: 49.14981  A-T: 21.33714  C-G: 0.00010  C-T: 100.00000  G-T: 1.00000
Warning! Some parameters hit the boundaries
Base frequencies:  A: 0.314  C: 0.198  G: 0.275  T: 0.213
Proportion of invariable sites: 0.493
Gamma shape alpha: 998.448
Parameters optimization took 1 rounds (0.001 sec)

WARNING: Estimated model parameters are at boundary that can cause numerical instability!

Time for fast ML tree search: 0.008 seconds

NOTE: ModelFinder requires 0 MB RAM!
ModelFinder will test up to 484 DNA models (sample size: 1479 epsilon: 0.100) ...
 No. Model         -LnL         df  AIC          AICc         BIC
  1  GTR+F         2197.279     43  4480.558     4483.195     4708.421
  2  GTR+F+I       2197.279     44  4482.558     4485.320     4715.720
  3  GTR+F+G4      2197.279     44  4482.559     4485.320     4715.720
  4  GTR+F+I+G4    2197.416     45  4484.831     4487.720     4723.292
  5  GTR+F+R2      2197.279     45  4484.559     4487.448     4723.019
  6  GTR+F+R3      2197.279     47  4488.558     4491.712     4737.617
 14  GTR+F+I+R2    2197.416     46  4486.831     4489.851     4730.591
 15  GTR+F+I+R3    2197.415     48  4490.831     4494.120     4745.188
 23  SYM           2223.686     40  4527.371     4529.652     4739.336
 24  SYM+I         2223.686     41  4529.371     4531.768     4746.635
 25  SYM+G4        2223.686     41  4529.371     4531.768     4746.635
 45  TVM+F         2198.391     42  4480.782     4483.298     4703.345
 46  TVM+F+I       2198.391     43  4482.782     4485.419     4710.645
 47  TVM+F+G4      2198.391     43  4482.782     4485.419     4710.645
 67  TVMe          2223.973     39  4525.945     4528.113     4732.611
 68  TVMe+I        2223.973     40  4527.945     4530.226     4739.910
 69  TVMe+G4       2223.973     40  4527.945     4530.226     4739.910
 89  TIM3+F        2199.052     41  4480.103     4482.500     4697.367
 90  TIM3+F+I      2199.052     42  4482.103     4484.619     4704.666
 91  TIM3+F+G4     2199.052     42  4482.104     4484.619     4704.667
111  TIM3e         2225.594     38  4527.189     4529.247     4728.555
112  TIM3e+I       2225.566     39  4529.132     4531.300     4735.798
113  TIM3e+G4      2225.552     39  4529.104     4531.272     4735.770
133  TIM2+F        2199.373     41  4480.745     4483.142     4698.009
134  TIM2+F+I      2199.373     42  4482.745     4485.260     4705.308
135  TIM2+F+G4     2199.373     42  4482.745     4485.261     4705.308
155  TIM2e         2225.831     38  4527.662     4529.721     4729.029
156  TIM2e+I       2225.831     39  4529.662     4531.831     4736.328
157  TIM2e+G4      2225.831     39  4529.663     4531.831     4736.328
177  TIM+F         2199.201     41  4480.401     4482.798     4697.665
178  TIM+F+I       2199.201     42  4482.401     4484.917     4704.965
179  TIM+F+G4      2199.201     42  4482.402     4484.917     4704.965
199  TIMe          2225.733     38  4527.465     4529.524     4728.832
200  TIMe+I        2225.733     39  4529.465     4531.633     4736.131
201  TIMe+G4       2225.733     39  4529.465     4531.633     4736.131
221  TPM3u+F       2200.172     40  4480.344     4482.625     4692.309
222  TPM3u+F+I     2200.172     41  4482.344     4484.741     4699.608
223  TPM3u+F+G4    2200.172     41  4482.344     4484.741     4699.608
243  TPM3          2225.830     37  4525.661     4527.612     4721.728
244  TPM3+I        2225.830     38  4527.661     4529.719     4729.027
245  TPM3+G4       2225.830     38  4527.661     4529.719     4729.028
265  TPM2u+F       2200.474     40  4480.949     4483.230     4692.914
266  TPM2u+F+I     2200.474     41  4482.949     4485.346     4700.213
267  TPM2u+F+G4    2200.475     41  4482.949     4485.346     4700.213
287  TPM2          2226.130     37  4526.260     4528.211     4722.327
288  TPM2+I        2226.130     38  4528.260     4530.318     4729.626
289  TPM2+G4       2226.130     38  4528.260     4530.318     4729.627
309  K3Pu+F        2200.245     40  4480.490     4482.771     4692.455
310  K3Pu+F+I      2200.245     41  4482.490     4484.886     4699.754
311  K3Pu+F+G4     2200.245     41  4482.490     4484.887     4699.754
331  K3P           2225.963     37  4525.927     4527.878     4721.994
332  K3P+I         2225.963     38  4527.927     4529.985     4729.293
333  K3P+G4        2225.964     38  4527.927     4529.985     4729.294
353  TN+F          2201.035     40  4482.070     4484.351     4694.035
354  TN+F+I        2201.035     41  4484.069     4486.466     4701.333
355  TN+F+G4       2201.034     41  4484.068     4486.465     4701.332
375  TNe           2227.573     37  4529.145     4531.096     4725.213
376  TNe+I         2227.572     38  4531.145     4533.203     4732.511
377  TNe+G4        2227.572     38  4531.145     4533.203     4732.511
397  HKY+F         2202.153     39  4482.306     4484.474     4688.971
398  HKY+F+I       2202.153     40  4484.305     4486.586     4696.270
399  HKY+F+G4      2202.152     40  4484.305     4486.586     4696.270
419  K2P           2227.861     36  4527.723     4529.570     4718.491
420  K2P+I         2227.861     37  4529.723     4531.674     4725.790
421  K2P+G4        2227.861     37  4529.723     4531.674     4725.790
441  F81+F         2213.876     38  4503.753     4505.811     4705.119
442  F81+F+I       2213.876     39  4505.753     4507.921     4712.418
443  F81+F+G4      2213.876     39  4505.753     4507.921     4712.419
463  JC            2240.242     35  4550.484     4552.231     4735.954
464  JC+I          2240.242     36  4552.484     4554.332     4743.253
465  JC+G4         2240.242     36  4552.485     4554.332     4743.253
Akaike Information Criterion:           TIM3+F
Corrected Akaike Information Criterion: TIM3+F
Bayesian Information Criterion:         HKY+F
Best-fit model: HKY+F chosen according to BIC

All model information printed to sequence-3-2018.fasta.model.gz
CPU time for ModelFinder: 0.053 seconds (0h:0m:0s)
Wall-clock time for ModelFinder: 0.064 seconds (0h:0m:0s)

NOTE: 0 MB RAM (0 GB) is required!
Estimate model parameters (epsilon = 0.100)
1. Initial log-likelihood: -2213.876
2. Current log-likelihood: -2202.148
Optimal log-likelihood: -2202.148
Rate parameters:  A-C: 1.00000  A-G: 11.70184  A-T: 1.00000  C-G: 1.00000  C-T: 11.70184  G-T: 1.00000
Base frequencies:  A: 0.314  C: 0.198  G: 0.275  T: 0.213
Parameters optimization took 2 rounds (0.000 sec)
Wrote distance file to... 
Computing ML distances based on estimated model parameters...
Calculating distance matrix: done in 0.00037694 secs using 80.65% CPU
Computing ML distances took 0.000415 sec (of wall-clock time) 0.000320 sec (of CPU time)
Setting up auxiliary I and S matrices: done in 1.71661e-05 secs using 64.08% CPU
Computing RapidNJ tree took 0.000058 sec (of wall-clock time) 0.000072 sec (of CPU time)
Log-likelihood of RapidNJ tree: -2202.171
--------------------------------------------------------------------
|             INITIALIZING CANDIDATE TREE SET                      |
--------------------------------------------------------------------
Generating 98 parsimony trees... 0.016 second
Computing log-likelihood of 98 initial trees ... 0.009 seconds
Current best score: -2202.148

Do NNI search on 20 best initial trees
Estimate model parameters (epsilon = 0.100)
BETTER TREE FOUND at iteration 1: -2202.148
BETTER TREE FOUND at iteration 2: -2202.148
BETTER TREE FOUND at iteration 6: -2202.148
Iteration 10 / LogL: -2202.148 / Time: 0h:0m:0s
BETTER TREE FOUND at iteration 13: -2202.148
BETTER TREE FOUND at iteration 14: -2202.148
Iteration 20 / LogL: -2202.148 / Time: 0h:0m:0s
Finish initializing candidate tree set (20)
Current best tree score: -2202.148 / CPU time: 0.032
Number of iterations: 20
--------------------------------------------------------------------
|               OPTIMIZING CANDIDATE TREE SET                      |
--------------------------------------------------------------------
BETTER TREE FOUND at iteration 21: -2202.148
Iteration 30 / LogL: -2202.148 / Time: 0h:0m:0s (0h:0m:0s left)
Iteration 40 / LogL: -2202.148 / Time: 0h:0m:0s (0h:0m:0s left)
Iteration 50 / LogL: -2202.150 / Time: 0h:0m:0s (0h:0m:0s left)
Iteration 60 / LogL: -2202.150 / Time: 0h:0m:0s (0h:0m:0s left)
Iteration 70 / LogL: -2202.152 / Time: 0h:0m:0s (0h:0m:0s left)
Iteration 80 / LogL: -2202.148 / Time: 0h:0m:0s (0h:0m:0s left)
Iteration 90 / LogL: -2202.152 / Time: 0h:0m:0s (0h:0m:0s left)
Iteration 100 / LogL: -2202.150 / Time: 0h:0m:0s (0h:0m:0s left)
Iteration 110 / LogL: -2221.823 / Time: 0h:0m:0s (0h:0m:0s left)
Iteration 120 / LogL: -2202.148 / Time: 0h:0m:0s (0h:0m:0s left)
TREE SEARCH COMPLETED AFTER 122 ITERATIONS / Time: 0h:0m:0s

--------------------------------------------------------------------
|                    FINALIZING TREE SEARCH                        |
--------------------------------------------------------------------
Performs final model parameters optimization
Estimate model parameters (epsilon = 0.010)
1. Initial log-likelihood: -2202.148
Optimal log-likelihood: -2202.148
Rate parameters:  A-C: 1.00000  A-G: 11.68732  A-T: 1.00000  C-G: 1.00000  C-T: 11.68732  G-T: 1.00000
Base frequencies:  A: 0.314  C: 0.198  G: 0.275  T: 0.213
Parameters optimization took 1 rounds (0.000 sec)
BEST SCORE FOUND : -2202.148
Total tree length: 0.014

Total number of iterations: 122
CPU time used for tree search: 0.100 sec (0h:0m:0s)
Wall-clock time used for tree search: 0.108 sec (0h:0m:0s)
Total CPU time used: 0.158 sec (0h:0m:0s)
Total wall-clock time used: 0.178 sec (0h:0m:0s)

Analysis results written to: 
  IQ-TREE report:                sequence-3-2018.fasta.iqtree
  Maximum-likelihood tree:       sequence-3-2018.fasta.treefile
  Likelihood distances:          sequence-3-2018.fasta.mldist
  Screen log file:               sequence-3-2018.fasta.log

Date and Time: Fri Dec 20 20:27:08 2024
