IQ-TREE multicore version 2.3.6 for MacOS ARM 64-bit built Aug  1 2024
Developed by Bui Quang Minh, Nguyen Lam Tung, Olga Chernomor, Heiko Schmidt,
Dominik Schrempf, Michael Woodhams, Ly Trong Nhan, Thomas Wong

Host:    Stellas-MacBook-Pro-2.local (SSE4.2, 8 GB RAM)
Command: iqtree2 -s sequence-3-2017.fasta
Seed:    154165 (Using SPRNG - Scalable Parallel Random Number Generator)
Time:    Fri Dec 20 20:26:01 2024
Kernel:  SSE2 - 1 threads (8 CPU cores detected)

HINT: Use -nt option to specify number of threads because your CPU has 8 cores!
HINT: -nt AUTO will automatically determine the best number of threads to use.

Reading alignment file sequence-3-2017.fasta ... Fasta format detected
Reading fasta file: done in 0.000313997 secs using 36.31% CPU
Alignment most likely contains DNA/RNA sequences
Alignment has 8 sequences with 1479 columns, 12 distinct patterns
0 parsimony-informative, 7 singleton sites, 1472 constant sites
            Gap/Ambiguity  Composition  p-value
Analyzing sequences: done in 4.05312e-06 secs using 98.69% CPU
   1  OM920037.1    0.00%    passed    100.00%
   2  OM920038.1    0.00%    passed     99.99%
   3  OM920039.1    0.07%    passed     99.97%
   4  OM920040.1    0.00%    passed    100.00%
   5  OM920041.1    0.07%    passed    100.00%
   6  OM920042.1    0.00%    passed    100.00%
   7  OM920043.1    0.00%    passed    100.00%
   8  OM920044.1    0.00%    passed     99.97%
****  TOTAL         0.02%  0 sequences failed composition chi2 test (p-value<5%; df=3)
NOTE: OM920042.1 is identical to OM920040.1 but kept for subsequent analysis
NOTE: 1 identical sequences (see below) will be ignored for subsequent analysis
NOTE: OM920043.1 (identical to OM920040.1) is ignored but added at the end
Alignment was printed to sequence-3-2017.fasta.uniqueseq.phy

For your convenience alignment with unique sequences printed to sequence-3-2017.fasta.uniqueseq.phy


Create initial parsimony tree by phylogenetic likelihood library (PLL)... 0.000 seconds
Perform fast likelihood tree search using GTR+I+G model...
Estimate model parameters (epsilon = 5.000)
Perform nearest neighbor interchange...
Estimate model parameters (epsilon = 1.000)
1. Initial log-likelihood: -2077.773
Optimal log-likelihood: -2077.702
Rate parameters:  A-C: 0.00010  A-G: 4.08150  A-T: 0.00010  C-G: 0.00010  C-T: 5.37322  G-T: 1.00000
Warning! Some parameters hit the boundaries
Base frequencies:  A: 0.314  C: 0.199  G: 0.275  T: 0.213
Proportion of invariable sites: 0.498
Gamma shape alpha: 998.448
Parameters optimization took 1 rounds (0.000 sec)
Time for fast ML tree search: 0.003 seconds

NOTE: ModelFinder requires 0 MB RAM!
ModelFinder will test up to 484 DNA models (sample size: 1479 epsilon: 0.100) ...
 No. Model         -LnL         df  AIC          AICc         BIC
  1  GTR+F         2077.681     19  4193.362     4193.883     4294.045
  2  GTR+F+I       2077.666     20  4195.332     4195.908     4301.315
  3  GTR+F+G4      2077.658     20  4195.316     4195.892     4301.298
  4  GTR+F+I+G4    2077.662     21  4197.324     4197.958     4308.605
  5  GTR+F+R2      2077.643     21  4197.286     4197.920     4308.567
  6  GTR+F+R3      2077.630     23  4201.260     4202.019     4323.140
 14  GTR+F+I+R2    2077.635     22  4199.271     4199.966     4315.851
 15  GTR+F+I+R3    2077.610     24  4203.221     4204.046     4330.400
 23  SYM           2102.949     16  4237.898     4238.270     4322.684
 24  SYM+I         2102.949     17  4239.898     4240.317     4329.983
 25  SYM+G4        2102.949     17  4239.898     4240.317     4329.983
 45  TVM+F         2077.210     18  4190.420     4190.888     4285.804
 46  TVM+F+I       2077.210     19  4192.420     4192.941     4293.103
 47  TVM+F+G4      2077.210     19  4192.420     4192.941     4293.103
 67  TVMe          2102.946     15  4235.893     4236.221     4315.379
 68  TVMe+I        2102.946     16  4237.893     4238.265     4322.678
 69  TVMe+G4       2102.946     16  4237.893     4238.265     4322.678
 89  TIM3+F        2077.214     17  4188.428     4188.847     4278.513
 90  TIM3+F+I      2077.214     18  4190.428     4190.897     4285.813
 91  TIM3+F+G4     2077.214     18  4190.428     4190.897     4285.813
111  TIM3e         2102.949     14  4233.898     4234.185     4308.085
112  TIM3e+I       2102.949     15  4235.898     4236.226     4315.385
113  TIM3e+G4      2102.949     15  4235.898     4236.226     4315.385
133  TIM2+F        2077.212     17  4188.424     4188.843     4278.509
134  TIM2+F+I      2077.212     18  4190.424     4190.893     4285.808
135  TIM2+F+G4     2077.212     18  4190.424     4190.893     4285.808
155  TIM2e         2102.948     14  4233.896     4234.183     4308.084
156  TIM2e+I       2102.948     15  4235.896     4236.224     4315.383
157  TIM2e+G4      2102.948     15  4235.896     4236.224     4315.383
177  TIM+F         2077.212     17  4188.424     4188.843     4278.509
178  TIM+F+I       2077.212     18  4190.424     4190.893     4285.808
179  TIM+F+G4      2077.212     18  4190.424     4190.893     4285.808
199  TIMe          2102.948     14  4233.896     4234.183     4308.084
200  TIMe+I        2102.948     15  4235.896     4236.224     4315.383
201  TIMe+G4       2102.948     15  4235.896     4236.224     4315.383
221  TPM3u+F       2077.212     16  4186.424     4186.796     4271.210
222  TPM3u+F+I     2077.212     17  4188.424     4188.843     4278.509
223  TPM3u+F+G4    2077.212     17  4188.424     4188.843     4278.509
243  TPM3          2102.948     13  4231.896     4232.144     4300.784
244  TPM3+I        2102.948     14  4233.896     4234.183     4308.084
245  TPM3+G4       2102.948     14  4233.896     4234.183     4308.084
265  TPM2u+F       2077.212     16  4186.424     4186.796     4271.210
266  TPM2u+F+I     2077.212     17  4188.424     4188.843     4278.509
267  TPM2u+F+G4    2077.212     17  4188.424     4188.843     4278.509
287  TPM2          2102.948     13  4231.896     4232.144     4300.784
288  TPM2+I        2102.948     14  4233.896     4234.183     4308.084
289  TPM2+G4       2102.948     14  4233.896     4234.183     4308.084
309  K3Pu+F        2077.212     16  4186.424     4186.796     4271.210
310  K3Pu+F+I      2077.212     17  4188.424     4188.843     4278.509
311  K3Pu+F+G4     2077.212     17  4188.424     4188.843     4278.509
331  K3P           2102.948     13  4231.896     4232.144     4300.784
332  K3P+I         2102.948     14  4233.896     4234.183     4308.084
333  K3P+G4        2102.948     14  4233.896     4234.183     4308.084
353  TN+F          2077.212     16  4186.424     4186.796     4271.210
354  TN+F+I        2077.212     17  4188.424     4188.843     4278.509
355  TN+F+G4       2077.212     17  4188.424     4188.843     4278.509
375  TNe           2102.948     13  4231.896     4232.144     4300.784
376  TNe+I         2102.948     14  4233.896     4234.183     4308.084
377  TNe+G4        2102.948     14  4233.896     4234.183     4308.084
397  HKY+F         2077.212     15  4184.424     4184.752     4263.911
398  HKY+F+I       2077.212     16  4186.424     4186.796     4271.210
399  HKY+F+G4      2077.212     16  4186.424     4186.796     4271.210
419  K2P           2102.948     12  4229.896     4230.109     4293.485
420  K2P+I         2102.948     13  4231.896     4232.144     4300.784
421  K2P+G4        2102.948     13  4231.896     4232.144     4300.784
441  F81+F         2084.563     14  4197.127     4197.414     4271.315
442  F81+F+I       2084.563     15  4199.127     4199.455     4278.614
443  F81+F+G4      2084.563     15  4199.127     4199.455     4278.614
463  JC            2110.572     11  4243.144     4243.324     4301.434
464  JC+I          2110.572     12  4245.144     4245.357     4308.733
465  JC+G4         2110.572     12  4245.144     4245.357     4308.734
Akaike Information Criterion:           HKY+F
Corrected Akaike Information Criterion: HKY+F
Bayesian Information Criterion:         HKY+F
Best-fit model: HKY+F chosen according to BIC

All model information printed to sequence-3-2017.fasta.model.gz
CPU time for ModelFinder: 0.017 seconds (0h:0m:0s)
Wall-clock time for ModelFinder: 0.027 seconds (0h:0m:0s)

NOTE: 0 MB RAM (0 GB) is required!
Estimate model parameters (epsilon = 0.100)
1. Initial log-likelihood: -2084.563
2. Current log-likelihood: -2077.340
Optimal log-likelihood: -2077.340
Rate parameters:  A-C: 1.00000  A-G: 68.18880  A-T: 1.00000  C-G: 1.00000  C-T: 68.18880  G-T: 1.00000
Base frequencies:  A: 0.314  C: 0.199  G: 0.275  T: 0.213
Parameters optimization took 2 rounds (0.000 sec)
Wrote distance file to... 
Computing ML distances based on estimated model parameters...
Calculating distance matrix: done in 6.38962e-05 secs using 79.82% CPU
Computing ML distances took 0.000092 sec (of wall-clock time) 0.000063 sec (of CPU time)
Setting up auxiliary I and S matrices: done in 7.86781e-06 secs using 88.97% CPU
Computing RapidNJ tree took 0.000037 sec (of wall-clock time) 0.000022 sec (of CPU time)
Log-likelihood of RapidNJ tree: -2077.351
--------------------------------------------------------------------
|             INITIALIZING CANDIDATE TREE SET                      |
--------------------------------------------------------------------
Generating 98 parsimony trees... 0.004 second
Computing log-likelihood of 93 initial trees ... 0.002 seconds
Current best score: -2077.340

Do NNI search on 20 best initial trees
Estimate model parameters (epsilon = 0.100)
BETTER TREE FOUND at iteration 1: -2077.340
BETTER TREE FOUND at iteration 6: -2077.340
Iteration 10 / LogL: -2077.340 / Time: 0h:0m:0s
Iteration 20 / LogL: -2077.340 / Time: 0h:0m:0s
Finish initializing candidate tree set (14)
Current best tree score: -2077.340 / CPU time: 0.007
Number of iterations: 20
--------------------------------------------------------------------
|               OPTIMIZING CANDIDATE TREE SET                      |
--------------------------------------------------------------------
BETTER TREE FOUND at iteration 22: -2077.340
Iteration 30 / LogL: -2077.340 / Time: 0h:0m:0s (0h:0m:0s left)
UPDATE BEST LOG-LIKELIHOOD: -2077.340
Iteration 40 / LogL: -2077.340 / Time: 0h:0m:0s (0h:0m:0s left)
Iteration 50 / LogL: -2077.340 / Time: 0h:0m:0s (0h:0m:0s left)
Iteration 60 / LogL: -2077.340 / Time: 0h:0m:0s (0h:0m:0s left)
Iteration 70 / LogL: -2077.340 / Time: 0h:0m:0s (0h:0m:0s left)
Iteration 80 / LogL: -2077.340 / Time: 0h:0m:0s (0h:0m:0s left)
Iteration 90 / LogL: -2077.340 / Time: 0h:0m:0s (0h:0m:0s left)
Iteration 100 / LogL: -2077.340 / Time: 0h:0m:0s (0h:0m:0s left)
Iteration 110 / LogL: -2077.340 / Time: 0h:0m:0s (0h:0m:0s left)
Iteration 120 / LogL: -2077.340 / Time: 0h:0m:0s (0h:0m:0s left)
TREE SEARCH COMPLETED AFTER 123 ITERATIONS / Time: 0h:0m:0s

--------------------------------------------------------------------
|                    FINALIZING TREE SEARCH                        |
--------------------------------------------------------------------
Performs final model parameters optimization
Estimate model parameters (epsilon = 0.010)
1. Initial log-likelihood: -2077.340
Optimal log-likelihood: -2077.340
Rate parameters:  A-C: 1.00000  A-G: 68.19433  A-T: 1.00000  C-G: 1.00000  C-T: 68.19433  G-T: 1.00000
Base frequencies:  A: 0.314  C: 0.199  G: 0.275  T: 0.213
Parameters optimization took 1 rounds (0.000 sec)
BEST SCORE FOUND : -2077.340
Total tree length: 0.005

Total number of iterations: 123
CPU time used for tree search: 0.016 sec (0h:0m:0s)
Wall-clock time used for tree search: 0.017 sec (0h:0m:0s)
Total CPU time used: 0.037 sec (0h:0m:0s)
Total wall-clock time used: 0.049 sec (0h:0m:0s)

Analysis results written to: 
  IQ-TREE report:                sequence-3-2017.fasta.iqtree
  Maximum-likelihood tree:       sequence-3-2017.fasta.treefile
  Likelihood distances:          sequence-3-2017.fasta.mldist
  Screen log file:               sequence-3-2017.fasta.log

Date and Time: Fri Dec 20 20:26:01 2024
